0 info it worked if it ends with ok
1 verbose cli [ 'C:\\Program Files\\nodejs\\node.exe',
1 verbose cli   'C:\\Program Files\\nodejs\\node_modules\\npm\\bin\\npm-cli.js',
1 verbose cli   'run',
1 verbose cli   'deploy' ]
2 info using npm@3.10.8
3 info using node@v6.9.1
4 verbose run-script [ 'predeploy', 'deploy', 'postdeploy' ]
5 info lifecycle portfolio@1.0.0~predeploy: portfolio@1.0.0
6 silly lifecycle portfolio@1.0.0~predeploy: no script for predeploy, continuing
7 info lifecycle portfolio@1.0.0~deploy: portfolio@1.0.0
8 verbose lifecycle portfolio@1.0.0~deploy: unsafe-perm in lifecycle true
9 verbose lifecycle portfolio@1.0.0~deploy: PATH: C:\Program Files\nodejs\node_modules\npm\bin\node-gyp-bin;C:\work\portfolio\node_modules\.bin;C:\Windows\system32;C:\Windows;C:\Windows\System32\Wbem;C:\Windows\System32\WindowsPowerShell\v1.0\;C:\Windows\system32\config\systemprofile\.dnx\bin;C:\Program Files\Microsoft DNX\Dnvm\;C:\Program Files\Microsoft SQL Server\130\Tools\Binn\;C:\Program Files (x86)\Windows Kits\10\Windows Performance Toolkit\;C:\Program Files\WIDCOMM\Bluetooth Software\;C:\Program Files\WIDCOMM\Bluetooth Software\syswow64;C:\Program Files\Git\cmd;C:\Program Files\nodejs\;C:\Program Files (x86)\Skype\Phone\;C:\Program Files\Microsoft\Web Platform Installer\;c:\Program Files (x86)\Microsoft SQL Server\100\Tools\Binn\;c:\Program Files\Microsoft SQL Server\100\Tools\Binn\;c:\Program Files\Microsoft SQL Server\100\DTS\Binn\;c:\Program Files (x86)\Microsoft SQL Server\100\Tools\Binn\VSShell\Common7\IDE\;c:\Program Files (x86)\Microsoft SQL Server\100\DTS\Binn\;C:\Program Files\TortoiseGit\bin;;C:\Program Files (x86)\Microsoft VS Code\bin;C:\Users\Anthony\AppData\Roaming\npm
10 verbose lifecycle portfolio@1.0.0~deploy: CWD: C:\work\portfolio
11 silly lifecycle portfolio@1.0.0~deploy: Args: [ '/d /s /c',
11 silly lifecycle   'SET NODE_ENV=production&&webpack -p&&git add . &&git commit -am\'compile for prod\'&&git push' ]
12 silly lifecycle portfolio@1.0.0~deploy: Returned: code: 128  signal: null
13 info lifecycle portfolio@1.0.0~deploy: Failed to exec deploy script
14 verbose stack Error: portfolio@1.0.0 deploy: `SET NODE_ENV=production&&webpack -p&&git add . &&git commit -am'compile for prod'&&git push`
14 verbose stack Exit status 128
14 verbose stack     at EventEmitter.<anonymous> (C:\Program Files\nodejs\node_modules\npm\lib\utils\lifecycle.js:255:16)
14 verbose stack     at emitTwo (events.js:106:13)
14 verbose stack     at EventEmitter.emit (events.js:191:7)
14 verbose stack     at ChildProcess.<anonymous> (C:\Program Files\nodejs\node_modules\npm\lib\utils\spawn.js:40:14)
14 verbose stack     at emitTwo (events.js:106:13)
14 verbose stack     at ChildProcess.emit (events.js:191:7)
14 verbose stack     at maybeClose (internal/child_process.js:877:16)
14 verbose stack     at Process.ChildProcess._handle.onexit (internal/child_process.js:226:5)
15 verbose pkgid portfolio@1.0.0
16 verbose cwd C:\work\portfolio
17 error Windows_NT 6.1.7601
18 error argv "C:\\Program Files\\nodejs\\node.exe" "C:\\Program Files\\nodejs\\node_modules\\npm\\bin\\npm-cli.js" "run" "deploy"
19 error node v6.9.1
20 error npm  v3.10.8
21 error code ELIFECYCLE
22 error portfolio@1.0.0 deploy: `SET NODE_ENV=production&&webpack -p&&git add . &&git commit -am'compile for prod'&&git push`
22 error Exit status 128
23 error Failed at the portfolio@1.0.0 deploy script 'SET NODE_ENV=production&&webpack -p&&git add . &&git commit -am'compile for prod'&&git push'.
23 error Make sure you have the latest version of node.js and npm installed.
23 error If you do, this is most likely a problem with the portfolio package,
23 error not with npm itself.
23 error Tell the author that this fails on your system:
23 error     SET NODE_ENV=production&&webpack -p&&git add . &&git commit -am'compile for prod'&&git push
23 error You can get information on how to open an issue for this project with:
23 error     npm bugs portfolio
23 error Or if that isn't available, you can get their info via:
23 error     npm owner ls portfolio
23 error There is likely additional logging output above.
24 verbose exit [ 1, true ]
